2018-08-22 15:12:43,878 ERROR [Worker-4] - Statistics - Statistics file `/home/emre/.scalaide/statistics` is corrupted. A new one is being created. Corrupted content was:

com.cedarsoftware.util.io.JsonIoException: error parsing JSON value
	at com.cedarsoftware.util.io.JsonReader.readObject(JsonReader.java:529)
	at com.cedarsoftware.util.io.JsonReader.jsonToJava(JsonReader.java:289)
	at com.cedarsoftware.util.io.JsonReader.jsonToJava(JsonReader.java:262)
	at org.scalaide.core.internal.statistics.Statistics.read(Statistics.scala:74)
	at org.scalaide.core.internal.statistics.Statistics.$anonfun$readStats$1(Statistics.scala:52)
	at org.scalaide.core.internal.statistics.Statistics.$anonfun$readStats$1$adapted(Statistics.scala:51)
	at org.scalaide.core.ScalaIdeDataStore$.$anonfun$validate$2(ScalaIdeDataStore.scala:59)
	at org.scalaide.util.eclipse.EclipseUtils$$anon$3.run(EclipseUtils.scala:230)
	at org.eclipse.core.runtime.SafeRunner.run(SafeRunner.java:42)
	at org.scalaide.util.eclipse.EclipseUtils$.withSafeRunner(EclipseUtils.scala:226)
	at org.scalaide.core.ScalaIdeDataStore$.validate(ScalaIdeDataStore.scala:59)
	at org.scalaide.core.internal.statistics.Statistics.readStats(Statistics.scala:51)
	at org.scalaide.core.internal.statistics.Statistics.<init>(Statistics.scala:30)
	at org.scalaide.core.internal.ScalaPlugin.stats$lzycompute(ScalaPlugin.scala:135)
	at org.scalaide.core.internal.ScalaPlugin.stats(ScalaPlugin.scala:135)
	at org.scalaide.core.internal.ScalaPlugin.statistics(ScalaPlugin.scala:138)
	at org.scalaide.core.internal.ScalaPlugin.start(ScalaPlugin.scala:109)
	at org.eclipse.osgi.internal.framework.BundleContextImpl$3.run(BundleContextImpl.java:779)
	at org.eclipse.osgi.internal.framework.BundleContextImpl$3.run(BundleContextImpl.java:1)
	at java.security.AccessController.doPrivileged(Native Method)
	at org.eclipse.osgi.internal.framework.BundleContextImpl.startActivator(BundleContextImpl.java:772)
	at org.eclipse.osgi.internal.framework.BundleContextImpl.start(BundleContextImpl.java:729)
	at org.eclipse.osgi.internal.framework.EquinoxBundle.startWorker0(EquinoxBundle.java:933)
	at org.eclipse.osgi.internal.framework.EquinoxBundle$EquinoxModule.startWorker(EquinoxBundle.java:309)
	at org.eclipse.osgi.container.Module.doStart(Module.java:581)
	at org.eclipse.osgi.container.Module.start(Module.java:449)
	at org.eclipse.osgi.framework.util.SecureAction.start(SecureAction.java:468)
	at org.eclipse.osgi.internal.hooks.EclipseLazyStarter.postFindLocalClass(EclipseLazyStarter.java:103)
	at org.eclipse.osgi.internal.loader.classpath.ClasspathManager.findLocalClass(ClasspathManager.java:529)
	at org.eclipse.osgi.internal.loader.ModuleClassLoader.findLocalClass(ModuleClassLoader.java:328)
	at org.eclipse.osgi.internal.loader.BundleLoader.findLocalClass(BundleLoader.java:368)
	at org.eclipse.osgi.internal.loader.sources.SingleSourcePackage.loadClass(SingleSourcePackage.java:36)
	at org.eclipse.osgi.internal.loader.BundleLoader.findClassInternal(BundleLoader.java:442)
	at org.eclipse.osgi.internal.loader.BundleLoader.findClass(BundleLoader.java:395)
	at org.eclipse.osgi.internal.loader.BundleLoader.findClass(BundleLoader.java:387)
	at org.eclipse.osgi.internal.loader.ModuleClassLoader.loadClass(ModuleClassLoader.java:150)
	at java.lang.ClassLoader.loadClass(ClassLoader.java:357)
	at org.scalaide.debug.internal.ScalaDebugger$.init(ScalaDebugger.scala:66)
	at org.scalaide.debug.internal.ScalaDebugPlugin.start(ScalaDebugPlugin.scala:30)
	at org.eclipse.osgi.internal.framework.BundleContextImpl$3.run(BundleContextImpl.java:779)
	at org.eclipse.osgi.internal.framework.BundleContextImpl$3.run(BundleContextImpl.java:1)
	at java.security.AccessController.doPrivileged(Native Method)
	at org.eclipse.osgi.internal.framework.BundleContextImpl.startActivator(BundleContextImpl.java:772)
	at org.eclipse.osgi.internal.framework.BundleContextImpl.start(BundleContextImpl.java:729)
	at org.eclipse.osgi.internal.framework.EquinoxBundle.startWorker0(EquinoxBundle.java:933)
	at org.eclipse.osgi.internal.framework.EquinoxBundle$EquinoxModule.startWorker(EquinoxBundle.java:309)
	at org.eclipse.osgi.container.Module.doStart(Module.java:581)
	at org.eclipse.osgi.container.Module.start(Module.java:449)
	at org.eclipse.osgi.framework.util.SecureAction.start(SecureAction.java:468)
	at org.eclipse.osgi.internal.hooks.EclipseLazyStarter.postFindLocalClass(EclipseLazyStarter.java:103)
	at org.eclipse.osgi.internal.loader.classpath.ClasspathManager.findLocalClass(ClasspathManager.java:529)
	at org.eclipse.osgi.internal.loader.ModuleClassLoader.findLocalClass(ModuleClassLoader.java:328)
	at org.eclipse.osgi.internal.loader.BundleLoader.findLocalClass(BundleLoader.java:368)
	at org.eclipse.osgi.internal.loader.BundleLoader.findClassInternal(BundleLoader.java:446)
	at org.eclipse.osgi.internal.loader.BundleLoader.findClass(BundleLoader.java:395)
	at org.eclipse.osgi.internal.loader.BundleLoader.findClass(BundleLoader.java:387)
	at org.eclipse.osgi.internal.loader.ModuleClassLoader.loadClass(ModuleClassLoader.java:150)
	at java.lang.ClassLoader.loadClass(ClassLoader.java:357)
	at org.eclipse.osgi.internal.framework.EquinoxBundle.loadClass(EquinoxBundle.java:564)
	at org.eclipse.core.internal.registry.osgi.RegistryStrategyOSGI.createExecutableExtension(RegistryStrategyOSGI.java:174)
	at org.eclipse.core.internal.registry.ExtensionRegistry.createExecutableExtension(ExtensionRegistry.java:905)
	at org.eclipse.core.internal.registry.ConfigurationElement.createExecutableExtension(ConfigurationElement.java:243)
	at org.eclipse.core.internal.registry.ConfigurationElementHandle.createExecutableExtension(ConfigurationElementHandle.java:55)
	at org.eclipse.ui.internal.WorkbenchPlugin.lambda$0(WorkbenchPlugin.java:288)
	at org.eclipse.swt.custom.BusyIndicator.showWhile(BusyIndicator.java:52)
	at org.eclipse.ui.internal.WorkbenchPlugin.createExtension(WorkbenchPlugin.java:285)
	at org.eclipse.ui.internal.EarlyStartupRunnable.run(EarlyStartupRunnable.java:53)
	at org.eclipse.core.runtime.SafeRunner.run(SafeRunner.java:42)
	at org.eclipse.ui.internal.Workbench$40.run(Workbench.java:2747)
	at org.eclipse.core.internal.jobs.Worker.run(Worker.java:56)
Caused by: com.cedarsoftware.util.io.JsonIoException: EOF reached prematurely
	at com.cedarsoftware.util.io.JsonParser.error(JsonParser.java:584)
	at com.cedarsoftware.util.io.JsonParser.readValue(JsonParser.java:278)
	at com.cedarsoftware.util.io.JsonReader.readObject(JsonReader.java:521)
	... 69 more
2018-08-22 15:13:54,737  WARN [ModalContext] - ScalaProject - Project helloworld has platform default sourceLevel.
2018-08-22 15:13:54,739  WARN [ModalContext] - ScalaProject - Project helloworld runs on platform default installation.
2018-08-22 15:14:05,444  WARN [Worker-6] - ScalaProject - Project helloworld has platform default sourceLevel.
2018-08-22 15:14:05,445  WARN [Worker-6] - ScalaProject - Project helloworld runs on platform default installation.
2018-08-22 15:14:34,627  WARN [main] - ScalaProject - Project helloworld has platform default sourceLevel.
2018-08-22 15:14:34,627  WARN [main] - ScalaProject - Project helloworld runs on platform default installation.
2018-08-22 15:14:45,007  WARN [main] - ScalaProject - Project helloworld has platform default sourceLevel.
2018-08-22 15:14:45,007  WARN [main] - ScalaProject - Project helloworld runs on platform default installation.
2018-08-22 15:14:45,598  WARN [Worker-3] - ScalaProject - Project helloworld has platform default sourceLevel.
2018-08-22 15:14:45,599  WARN [Worker-3] - ScalaProject - Project helloworld runs on platform default installation.
2018-08-22 15:15:20,380  WARN [Worker-2] - ScalaProject - Project helloworld has platform default sourceLevel.
2018-08-22 15:15:20,380  WARN [Worker-2] - ScalaProject - Project helloworld runs on platform default installation.
2018-08-22 15:18:14,265  WARN [Worker-6] - ScalaProject - Project helloworld has platform default sourceLevel.
2018-08-22 15:18:14,266  WARN [Worker-6] - ScalaProject - Project helloworld runs on platform default installation.
2018-08-22 15:18:17,058  WARN [Worker-5] - ScalaProject - Project helloworld has platform default sourceLevel.
2018-08-22 15:18:17,058  WARN [Worker-5] - ScalaProject - Project helloworld runs on platform default installation.
2018-08-22 15:19:31,079  WARN [Worker-3] - ScalaProject - Project helloworld has platform default sourceLevel.
2018-08-22 15:19:31,080  WARN [Worker-3] - ScalaProject - Project helloworld runs on platform default installation.
2018-08-22 15:19:32,849  WARN [Worker-5] - ScalaProject - Project helloworld has platform default sourceLevel.
2018-08-22 15:19:32,849  WARN [Worker-5] - ScalaProject - Project helloworld runs on platform default installation.
